<?xml version="1.0" encoding="UTF-8"?>
<testsuites name="jest tests" tests="1" failures="0" errors="0" time="0.358">
  <testsuite name="undefined" errors="0" failures="0" skipped="0" timestamp="2023-12-07T16:03:32" time="0.277" tests="1">
    <testcase classname=" Dockerfile exists" name=" Dockerfile exists" time="0.002">
    </testcase>
  </testsuite>
</testsuites>